[INFO] 03:33:36 Data creation started...
[INFO] 03:33:36 Data creation complite...
[INFO] 03:33:36 Server starter
[INFO] 04:08:18 Server starter
[INFO] 04:10:26 Server starter
[INFO] 04:12:10 Server starter
[ERROR] 04:12:10 Error input data
[ERROR] 04:12:10 Error input data
[INFO] 04:13:17 Server starter
[INFO] 04:13:49 Data creation started...
[INFO] 04:13:49 Data creation complite...
[INFO] 04:13:49 Server starter
[Message] 04:13:49 Перевод успешно совершен с карты 1111111111111111 на карту 2222222222222222 на сумму 3000 руб. коммисия:30
[Message] 04:13:49 Перевод успешно совершен с карты 1111111111111111 на карту 2222222222222222 на сумму 3000 руб. коммисия:30
[INFO] 04:30:52 Data creation started...
[INFO] 04:30:52 Data creation complite...
[INFO] 04:40:11 Data creation started...
[INFO] 04:40:11 Data creation complite...
[INFO] 04:47:59 Server starter
[INFO] 04:59:49 Data creation started...
[INFO] 04:59:49 Data creation complite...
[INFO] 04:59:49 Server starter
[INFO] 04:59:52 Server starter
[INFO] 05:06:03 Data creation started...
[INFO] 05:06:03 Data creation complite...
[INFO] 05:25:57 Data creation started...
[INFO] 05:25:57 Data creation complite...
[INFO] 05:31:04 Data creation started...
[INFO] 05:31:04 Data creation complite...
[INFO] 05:41:30 Server starter
[INFO] 06:07:21 Server starter
[INFO] 16:12:16 Server starter
[INFO] 16:12:51 Server starter
[INFO] 16:17:07 Server starter
[INFO] 16:18:06 Server starter
[INFO] 16:46:27 Server starter
